<?xml version="1.0" encoding="UTF-8"?>
<!-- Generated by org.testng.reporters.JUnitXMLReporter -->
<testsuite hostname="LAPTOP-7AR2TC63" ignored="0" name="firefoxTestcases" tests="1" failures="1" timestamp="26 Apr 2017 11:50:41 GMT" time="0.056" errors="0">
  <testcase name="calculatePercent" time="0.016" classname="GridPack.Grid">
    <failure type="java.lang.NullPointerException">
      <![CDATA[java.lang.NullPointerException
	at GridPack.Grid.calculatePercent(Grid.java:98)
	at java.util.concurrent.FutureTask.run(FutureTask.java:266)
	at java.util.concurrent.ThreadPoolExecutor.runWorker(ThreadPoolExecutor.java:1142)
	at java.util.concurrent.ThreadPoolExecutor$Worker.run(ThreadPoolExecutor.java:617)
	at java.lang.Thread.run(Thread.java:745)
... Removed 16 stack frames]]>
    </failure>
  </testcase> <!-- calculatePercent -->
</testsuite> <!-- firefoxTestcases -->
