<?xml version="1.0" encoding="UTF-8"?>
<!-- Generated by org.testng.reporters.JUnitXMLReporter -->
<testsuite hostname="LAPTOP-7AR2TC63" ignored="0" name="IETestcases" tests="1" failures="0" timestamp="26 Apr 2017 10:38:30 GMT" time="0.901" errors="0">
  <testcase name="@BeforeTest testcalc" time="0.826" classname="GridPack.Grid">
    <failure type="org.openqa.selenium.WebDriverException" message="The best matching driver provider org.openqa.selenium.ie.InternetExplorerDriver can&amp;apos;t create a new driver instance for Capabilities [{ensureCleanSession=true, browserName=ie, version=, platform=WIN10}]
Build info: version: &amp;apos;3.1.0&amp;apos;, revision: &amp;apos;86a5d70&amp;apos;, time: &amp;apos;2017-02-16 07:57:44 -0800&amp;apos;
System info: host: &amp;apos;LAPTOP-7AR2TC63&amp;apos;, ip: &amp;apos;192.168.100.109&amp;apos;, os.name: &amp;apos;Windows 10&amp;apos;, os.arch: &amp;apos;x86&amp;apos;, os.version: &amp;apos;10.0&amp;apos;, java.version: &amp;apos;1.8.0_66&amp;apos;
Driver info: driver.version: unknown
Command duration or timeout: 195 milliseconds
Build info: version: &amp;apos;2.53.1&amp;apos;, revision: &amp;apos;a36b8b1&amp;apos;, time: &amp;apos;2016-06-30 17:37:03&amp;apos;
System info: host: &amp;apos;LAPTOP-7AR2TC63&amp;apos;, ip: &amp;apos;192.168.100.109&amp;apos;, os.name: &amp;apos;Windows 10&amp;apos;, os.arch: &amp;apos;amd64&amp;apos;, os.version: &amp;apos;10.0&amp;apos;, java.version: &amp;apos;1.8.0_121&amp;apos;
Driver info: org.openqa.selenium.remote.RemoteWebDriver">
      <![CDATA[org.openqa.selenium.WebDriverException: The best matching driver provider org.openqa.selenium.ie.InternetExplorerDriver can't create a new driver instance for Capabilities [{ensureCleanSession=true, browserName=ie, version=, platform=WIN10}]
Build info: version: '3.1.0', revision: '86a5d70', time: '2017-02-16 07:57:44 -0800'
System info: host: 'LAPTOP-7AR2TC63', ip: '192.168.100.109', os.name: 'Windows 10', os.arch: 'x86', os.version: '10.0', java.version: '1.8.0_66'
Driver info: driver.version: unknown
Command duration or timeout: 195 milliseconds
Build info: version: '2.53.1', revision: 'a36b8b1', time: '2016-06-30 17:37:03'
System info: host: 'LAPTOP-7AR2TC63', ip: '192.168.100.109', os.name: 'Windows 10', os.arch: 'amd64', os.version: '10.0', java.version: '1.8.0_121'
Driver info: org.openqa.selenium.remote.RemoteWebDriver
	at org.openqa.selenium.remote.ErrorHandler.createThrowable(ErrorHandler.java:206)
	at org.openqa.selenium.remote.ErrorHandler.throwIfResponseFailed(ErrorHandler.java:158)
	at org.openqa.selenium.remote.RemoteWebDriver.execute(RemoteWebDriver.java:678)
	at org.openqa.selenium.remote.RemoteWebDriver.startSession(RemoteWebDriver.java:249)
	at org.openqa.selenium.remote.RemoteWebDriver.<init>(RemoteWebDriver.java:131)
	at org.openqa.selenium.remote.RemoteWebDriver.<init>(RemoteWebDriver.java:158)
	at GridPack.Grid.testcalc(Grid.java:49)
	at java.util.concurrent.FutureTask.run(FutureTask.java:266)
	at java.util.concurrent.ThreadPoolExecutor.runWorker(ThreadPoolExecutor.java:1142)
	at java.util.concurrent.ThreadPoolExecutor$Worker.run(ThreadPoolExecutor.java:617)
	at java.lang.Thread.run(Thread.java:745)
Caused by: org.openqa.selenium.WebDriverException: The best matching driver provider org.openqa.selenium.ie.InternetExplorerDriver can't create a new driver instance for Capabilities [{ensureCleanSession=true, browserName=ie, version=, platform=WIN10}]
Build info: version: '3.1.0', revision: '86a5d70', time: '2017-02-16 07:57:44 -0800'
System info: host: 'LAPTOP-7AR2TC63', ip: '192.168.100.109', os.name: 'Windows 10', os.arch: 'x86', os.version: '10.0', java.version: '1.8.0_66'
Driver info: driver.version: unknown
Build info: version: '2.53.1', revision: 'a36b8b1', time: '2016-06-30 17:37:03'
System info: host: 'LAPTOP-7AR2TC63', ip: '192.168.100.109', os.name: 'Windows 10', os.arch: 'amd64', os.version: '10.0', java.version: '1.8.0_121'
Driver info: driver.version: unknown
	at org.openqa.selenium.remote.server.DefaultDriverFactory.newInstance(DefaultDriverFactory.java:62)
	at org.openqa.selenium.remote.server.DefaultSession$BrowserCreator.call(DefaultSession.java:222)
	at org.openqa.selenium.remote.server.DefaultSession$BrowserCreator.call(DefaultSession.java:209)
	at java.util.concurrent.FutureTask.run(Unknown Source)
	at org.openqa.selenium.remote.server.DefaultSession$1.run(DefaultSession.java:176)
	at java.util.concurrent.ThreadPoolExecutor.runWorker(Unknown Source)
	at java.util.concurrent.ThreadPoolExecutor$Worker.run(Unknown Source)
	at java.lang.Thread.run(Unknown Source)
... Removed 18 stack frames]]>
    </failure>
  </testcase> <!-- @BeforeTest testcalc -->
  <testcase name="@AfterTest closeBrowser" time="0.0" classname="GridPack.Grid">
    <skipped/>
  </testcase> <!-- @AfterTest closeBrowser -->
  <testcase name="calculatePercent" time="0.0" classname="GridPack.Grid">
    <skipped/>
  </testcase> <!-- calculatePercent -->
</testsuite> <!-- IETestcases -->
