<?xml version="1.0" encoding="UTF-8"?>
<testng-results skipped="0" failed="0" ignored="0" total="3" passed="3">
  <reporter-output>
  </reporter-output>
  <suite name="Suite" duration-ms="54799" started-at="2017-08-29T12:43:40Z" finished-at="2017-08-29T12:44:35Z">
    <groups>
    </groups>
    <test name="SecondTest" duration-ms="20881" started-at="2017-08-29T12:43:40Z" finished-at="2017-08-29T12:44:01Z">
      <class name="Sauce.SauceLab">
        <test-method status="PASS" signature="setUp(java.lang.String, java.lang.String, java.lang.String)[pri:0, instance:Sauce.SauceLab@457e2f02]" name="setUp" is-config="true" duration-ms="5976" started-at="2017-08-29T18:13:40Z" finished-at="2017-08-29T18:13:46Z">
          <params>
            <param index="0">
              <value>
                <![CDATA[chrome]]>
              </value>
            </param>
            <param index="1">
              <value>
                <![CDATA[26.0]]>
              </value>
            </param>
            <param index="2">
              <value>
                <![CDATA[WINDOWS]]>
              </value>
            </param>
          </params>
          <reporter-output>
          </reporter-output>
        </test-method> <!-- setUp -->
        <test-method status="PASS" signature="testsimple()[pri:0, instance:Sauce.SauceLab@457e2f02]" name="testsimple" duration-ms="14315" started-at="2017-08-29T18:13:46Z" finished-at="2017-08-29T18:14:00Z">
          <reporter-output>
          </reporter-output>
        </test-method> <!-- testsimple -->
        <test-method status="PASS" signature="tearDown()[pri:0, instance:Sauce.SauceLab@457e2f02]" name="tearDown" is-config="true" duration-ms="569" started-at="2017-08-29T18:14:00Z" finished-at="2017-08-29T18:14:01Z">
          <reporter-output>
          </reporter-output>
        </test-method> <!-- tearDown -->
      </class> <!-- Sauce.SauceLab -->
    </test> <!-- SecondTest -->
    <test name="FirstTest" duration-ms="31989" started-at="2017-08-29T12:43:40Z" finished-at="2017-08-29T12:44:12Z">
      <class name="Sauce.SauceLab">
        <test-method status="PASS" signature="setUp(java.lang.String, java.lang.String, java.lang.String)[pri:0, instance:Sauce.SauceLab@100fc185]" name="setUp" is-config="true" duration-ms="10899" started-at="2017-08-29T18:13:40Z" finished-at="2017-08-29T18:13:51Z">
          <params>
            <param index="0">
              <value>
                <![CDATA[firefox]]>
              </value>
            </param>
            <param index="1">
              <value>
                <![CDATA[20.0]]>
              </value>
            </param>
            <param index="2">
              <value>
                <![CDATA[MAC]]>
              </value>
            </param>
          </params>
          <reporter-output>
          </reporter-output>
        </test-method> <!-- setUp -->
        <test-method status="PASS" signature="testsimple()[pri:0, instance:Sauce.SauceLab@100fc185]" name="testsimple" duration-ms="20662" started-at="2017-08-29T18:13:51Z" finished-at="2017-08-29T18:14:12Z">
          <reporter-output>
          </reporter-output>
        </test-method> <!-- testsimple -->
        <test-method status="PASS" signature="tearDown()[pri:0, instance:Sauce.SauceLab@100fc185]" name="tearDown" is-config="true" duration-ms="418" started-at="2017-08-29T18:14:12Z" finished-at="2017-08-29T18:14:12Z">
          <reporter-output>
          </reporter-output>
        </test-method> <!-- tearDown -->
      </class> <!-- Sauce.SauceLab -->
    </test> <!-- FirstTest -->
    <test name="ThirdTest" duration-ms="54799" started-at="2017-08-29T12:43:40Z" finished-at="2017-08-29T12:44:35Z">
      <class name="Sauce.SauceLab">
        <test-method status="PASS" signature="setUp(java.lang.String, java.lang.String, java.lang.String)[pri:0, instance:Sauce.SauceLab@c038203]" name="setUp" is-config="true" duration-ms="35826" started-at="2017-08-29T18:13:40Z" finished-at="2017-08-29T18:14:16Z">
          <params>
            <param index="0">
              <value>
                <![CDATA[safari]]>
              </value>
            </param>
            <param index="1">
              <value>
                <![CDATA[6.0]]>
              </value>
            </param>
            <param index="2">
              <value>
                <![CDATA[MAC]]>
              </value>
            </param>
          </params>
          <reporter-output>
          </reporter-output>
        </test-method> <!-- setUp -->
        <test-method status="PASS" signature="testsimple()[pri:0, instance:Sauce.SauceLab@c038203]" name="testsimple" duration-ms="18473" started-at="2017-08-29T18:14:16Z" finished-at="2017-08-29T18:14:34Z">
          <reporter-output>
          </reporter-output>
        </test-method> <!-- testsimple -->
        <test-method status="PASS" signature="tearDown()[pri:0, instance:Sauce.SauceLab@c038203]" name="tearDown" is-config="true" duration-ms="487" started-at="2017-08-29T18:14:34Z" finished-at="2017-08-29T18:14:35Z">
          <reporter-output>
          </reporter-output>
        </test-method> <!-- tearDown -->
      </class> <!-- Sauce.SauceLab -->
    </test> <!-- ThirdTest -->
  </suite> <!-- Suite -->
</testng-results>
